<?xml version="1.0" encoding="UTF-8"?>
<robot generator="Robot 4.1 (Python 3.9.7 on win32)" generated="20210905 13:55:27.726" rpa="false" schemaversion="2">
<suite id="s1" name="createCharacters" source="C:\projects\automacao_api_marvel\createCharacters.robot">
<test id="s1-t1" name="Deve cadastrar um personagem">
<kw name="Account And Set Headers">
<arg>lucas.pdsantos11@gmail.com</arg>
<kw name="Create Dictionary" library="BuiltIn">
<var>&amp;{usuario}</var>
<arg>email=${email}</arg>
<doc>Creates and returns a dictionary based on the given ``items``.</doc>
<msg timestamp="20210905 13:55:30.493" level="INFO">&amp;{usuario} = { email=lucas.pdsantos11@gmail.com }</msg>
<status status="PASS" starttime="20210905 13:55:30.492" endtime="20210905 13:55:30.493"/>
</kw>
<kw name="POST" library="RequestsLibrary">
<var>${response}</var>
<arg>http://marvel.qaninja.academy/accounts</arg>
<arg>json=${usuario}</arg>
<doc>Sends a POST request.</doc>
<msg timestamp="20210905 13:55:31.405" level="INFO">POST Request : url=http://marvel.qaninja.academy/accounts 
 path_url=/accounts 
 headers={'User-Agent': 'python-requests/2.26.0', 'Accept-Encoding': 'gzip, deflate', 'Accept': '*/*', 'Connection': 'keep-alive', 'Content-Length': '39', 'Content-Type': 'application/json'} 
 body=b'{"email": "lucas.pdsantos11@gmail.com"}' 
 </msg>
<msg timestamp="20210905 13:55:31.406" level="INFO">POST Response : url=http://marvel.qaninja.academy/accounts 
 status=200, reason=OK 
 headers={'Server': 'Cowboy', 'Connection': 'keep-alive', 'X-Powered-By': 'Express', 'Access-Control-Allow-Origin': '*', 'Content-Type': 'application/json; charset=utf-8', 'Content-Length': '41', 'Etag': 'W/"29-nHaR1eEq+qPILqgqvqT2UjXiuVU"', 'Date': 'Sun, 05 Sep 2021 16:55:27 GMT', 'Via': '1.1 vegur'} 
 body={"client_key":"61300d22874ab200165f08e3"} 
 </msg>
<msg timestamp="20210905 13:55:31.407" level="INFO">${response} = &lt;Response [200]&gt;</msg>
<status status="PASS" starttime="20210905 13:55:30.493" endtime="20210905 13:55:31.408"/>
</kw>
<kw name="Set Variable" library="BuiltIn">
<var>${client_key}</var>
<arg>${response.json()}[client_key]</arg>
<doc>Returns the given values which can then be assigned to a variables.</doc>
<msg timestamp="20210905 13:55:31.413" level="INFO">${client_key} = 61300d22874ab200165f08e3</msg>
<status status="PASS" starttime="20210905 13:55:31.408" endtime="20210905 13:55:31.413"/>
</kw>
<kw name="Create Dictionary" library="BuiltIn">
<var>&amp;{HEADERS}</var>
<arg>client_key=${client_key}</arg>
<doc>Creates and returns a dictionary based on the given ``items``.</doc>
<msg timestamp="20210905 13:55:31.416" level="INFO">&amp;{HEADERS} = { client_key=61300d22874ab200165f08e3 }</msg>
<status status="PASS" starttime="20210905 13:55:31.413" endtime="20210905 13:55:31.416"/>
</kw>
<kw name="Set Suite Variable" library="BuiltIn">
<arg>${HEADERS}</arg>
<doc>Makes a variable available everywhere within the scope of the current suite.</doc>
<msg timestamp="20210905 13:55:31.418" level="INFO">${HEADERS} = {'client_key': '61300d22874ab200165f08e3'}</msg>
<status status="PASS" starttime="20210905 13:55:31.416" endtime="20210905 13:55:31.418"/>
</kw>
<status status="PASS" starttime="20210905 13:55:30.492" endtime="20210905 13:55:31.419"/>
</kw>
<kw name="Factory Thanos" library="Thanos">
<var>&amp;{personagem}</var>
<msg timestamp="20210905 13:55:31.423" level="INFO">&amp;{personagem} = { name=Erika Larsen | aliases=Thanos | age=3000 | team=Ordem Negra | active=False }</msg>
<status status="PASS" starttime="20210905 13:55:31.422" endtime="20210905 13:55:31.423"/>
</kw>
<kw name="POST" library="RequestsLibrary">
<var>${response}</var>
<arg>http://marvel.qaninja.academy/characters</arg>
<arg>json=${personagem}</arg>
<arg>headers=${headers}</arg>
<doc>Sends a POST request.</doc>
<msg timestamp="20210905 13:55:31.749" level="INFO">POST Request : url=http://marvel.qaninja.academy/characters 
 path_url=/characters 
 headers={'User-Agent': 'python-requests/2.26.0', 'Accept-Encoding': 'gzip, deflate', 'Accept': '*/*', 'Connection': 'keep-alive', 'client_key': '61300d22874ab200165f08e3', 'Content-Length': '98', 'Content-Type': 'application/json'} 
 body=b'{"name": "Erika Larsen", "aliases": "Thanos", "age": 3000, "team": "Ordem Negra", "active": false}' 
 </msg>
<msg timestamp="20210905 13:55:31.749" level="INFO">POST Response : url=http://marvel.qaninja.academy/characters 
 status=200, reason=OK 
 headers={'Server': 'Cowboy', 'Connection': 'keep-alive', 'X-Powered-By': 'Express', 'Access-Control-Allow-Origin': '*', 'Content-Type': 'application/json; charset=utf-8', 'Content-Length': '157', 'Etag': 'W/"9d-Wo1Lq/Tra0XmaMwuyj0Xdiri7Bs"', 'Date': 'Sun, 05 Sep 2021 16:55:28 GMT', 'Via': '1.1 vegur'} 
 body={"_id":"6134f680ca5c82001601ca05","name":"Erika Larsen","age":3000,"aliases":"Thanos","team":"Ordem Negra","active":false,"owner":"61300d22874ab200165f08e3"} 
 </msg>
<msg timestamp="20210905 13:55:31.749" level="INFO">${response} = &lt;Response [200]&gt;</msg>
<status status="PASS" starttime="20210905 13:55:31.425" endtime="20210905 13:55:31.749"/>
</kw>
<kw name="Status Should Be" library="RequestsLibrary">
<arg>200</arg>
<arg>${response}</arg>
<doc>Fails if response status code is different than the expected.</doc>
<status status="PASS" starttime="20210905 13:55:31.750" endtime="20210905 13:55:31.750"/>
</kw>
<status status="PASS" starttime="20210905 13:55:30.491" endtime="20210905 13:55:31.751"/>
</test>
<doc>Suite de Teste do cadastro de personagens na API da Marvel</doc>
<status status="PASS" starttime="20210905 13:55:27.741" endtime="20210905 13:55:31.752"/>
</suite>
<statistics>
<total>
<stat pass="1" fail="0" skip="0">All Tests</stat>
</total>
<tag>
</tag>
<suite>
<stat pass="1" fail="0" skip="0" id="s1" name="createCharacters">createCharacters</stat>
</suite>
</statistics>
<errors>
</errors>
</robot>
