<?xml version="1.0" encoding="UTF-8"?>
<robot generator="Robot 4.1 (Python 3.9.7 on win32)" generated="20210905 20:48:41.113" rpa="false" schemaversion="2">
<suite id="s1" name="CreateCharacters" source="C:\projects\automacao_api_marvel\specs\CreateCharacters.robot">
<kw name="Super Setup" library="base" type="SETUP">
<arg>lucas.pdsantos11@gmail.com</arg>
<kw name="Set Client Key" library="base">
<arg>${email}</arg>
<kw name="Create Dictionary" library="BuiltIn">
<var>&amp;{usuario}</var>
<arg>email=${email}</arg>
<doc>Creates and returns a dictionary based on the given ``items``.</doc>
<msg timestamp="20210905 20:48:41.276" level="INFO">&amp;{usuario} = { email=lucas.pdsantos11@gmail.com }</msg>
<status status="PASS" starttime="20210905 20:48:41.275" endtime="20210905 20:48:41.276"/>
</kw>
<kw name="POST" library="RequestsLibrary">
<var>${response}</var>
<arg>${API_URL}/accounts</arg>
<arg>json=${usuario}</arg>
<doc>Sends a POST request.</doc>
<msg timestamp="20210905 20:48:41.888" level="INFO">POST Request : url=http://marvel.qaninja.academy/accounts 
 path_url=/accounts 
 headers={'User-Agent': 'python-requests/2.26.0', 'Accept-Encoding': 'gzip, deflate', 'Accept': '*/*', 'Connection': 'keep-alive', 'Content-Length': '39', 'Content-Type': 'application/json'} 
 body=b'{"email": "lucas.pdsantos11@gmail.com"}' 
 </msg>
<msg timestamp="20210905 20:48:41.888" level="INFO">POST Response : url=http://marvel.qaninja.academy/accounts 
 status=200, reason=OK 
 headers={'Server': 'Cowboy', 'Connection': 'keep-alive', 'X-Powered-By': 'Express', 'Access-Control-Allow-Origin': '*', 'Content-Type': 'application/json; charset=utf-8', 'Content-Length': '41', 'Etag': 'W/"29-nHaR1eEq+qPILqgqvqT2UjXiuVU"', 'Date': 'Sun, 05 Sep 2021 23:48:38 GMT', 'Via': '1.1 vegur'} 
 body={"client_key":"61300d22874ab200165f08e3"} 
 </msg>
<msg timestamp="20210905 20:48:41.889" level="INFO">${response} = &lt;Response [200]&gt;</msg>
<status status="PASS" starttime="20210905 20:48:41.276" endtime="20210905 20:48:41.889"/>
</kw>
<kw name="Set Variable" library="BuiltIn">
<var>${client_key}</var>
<arg>${response.json()}[client_key]</arg>
<doc>Returns the given values which can then be assigned to a variables.</doc>
<msg timestamp="20210905 20:48:41.891" level="INFO">${client_key} = 61300d22874ab200165f08e3</msg>
<status status="PASS" starttime="20210905 20:48:41.889" endtime="20210905 20:48:41.892"/>
</kw>
<kw name="Create Dictionary" library="BuiltIn">
<var>&amp;{HEADERS}</var>
<arg>client_key=${client_key}</arg>
<doc>Creates and returns a dictionary based on the given ``items``.</doc>
<msg timestamp="20210905 20:48:41.893" level="INFO">&amp;{HEADERS} = { client_key=61300d22874ab200165f08e3 }</msg>
<status status="PASS" starttime="20210905 20:48:41.892" endtime="20210905 20:48:41.893"/>
</kw>
<kw name="Set Suite Variable" library="BuiltIn">
<arg>${HEADERS}</arg>
<doc>Makes a variable available everywhere within the scope of the current suite.</doc>
<msg timestamp="20210905 20:48:41.894" level="INFO">${HEADERS} = {'client_key': '61300d22874ab200165f08e3'}</msg>
<status status="PASS" starttime="20210905 20:48:41.894" endtime="20210905 20:48:41.895"/>
</kw>
<status status="PASS" starttime="20210905 20:48:41.275" endtime="20210905 20:48:41.895"/>
</kw>
<kw name="Back To The Past" library="base">
<kw name="DELETE" library="RequestsLibrary">
<arg>${API_URL}/delorean</arg>
<arg>headers=${HEADERS}</arg>
<doc>Sends a DELETE request.</doc>
<msg timestamp="20210905 20:48:42.236" level="INFO">DELETE Request : url=http://marvel.qaninja.academy/delorean 
 path_url=/delorean 
 headers={'User-Agent': 'python-requests/2.26.0', 'Accept-Encoding': 'gzip, deflate', 'Accept': '*/*', 'Connection': 'keep-alive', 'client_key': '61300d22874ab200165f08e3', 'Content-Length': '0'} 
 body=None 
 </msg>
<msg timestamp="20210905 20:48:42.236" level="INFO">DELETE Response : url=http://marvel.qaninja.academy/delorean 
 status=200, reason=OK 
 headers={'Server': 'Cowboy', 'Connection': 'keep-alive', 'X-Powered-By': 'Express', 'Access-Control-Allow-Origin': '*', 'Content-Type': 'application/json; charset=utf-8', 'Content-Length': '31', 'Etag': 'W/"1f-ImqlboUfbv1n1FbEV48J/4RvhGg"', 'Date': 'Sun, 05 Sep 2021 23:48:38 GMT', 'Via': '1.1 vegur'} 
 body={"message":"Avengers Assemble"} 
 </msg>
<status status="PASS" starttime="20210905 20:48:41.896" endtime="20210905 20:48:42.237"/>
</kw>
<status status="PASS" starttime="20210905 20:48:41.895" endtime="20210905 20:48:42.237"/>
</kw>
<status status="PASS" starttime="20210905 20:48:41.275" endtime="20210905 20:48:42.237"/>
</kw>
<test id="s1-t1" name="Deve cadastrar um personagem">
<kw name="Factory TonyStark" library="avengers">
<var>&amp;{personagem}</var>
<msg timestamp="20210905 20:48:42.238" level="INFO">&amp;{personagem} = { name=Tony Stark | aliases=Homem de Ferro | age=45 | team=Vingadores | active=False }</msg>
<status status="PASS" starttime="20210905 20:48:42.238" endtime="20210905 20:48:42.238"/>
</kw>
<kw name="POST New Character" library="characters">
<var>${response}</var>
<arg>${personagem}</arg>
<kw name="POST" library="RequestsLibrary">
<var>${response}</var>
<arg>${API_URL}/characters</arg>
<arg>json=${payload}</arg>
<arg>headers=${headers}</arg>
<arg>expected_status=any</arg>
<doc>Sends a POST request.</doc>
<msg timestamp="20210905 20:48:42.578" level="INFO">POST Request : url=http://marvel.qaninja.academy/characters 
 path_url=/characters 
 headers={'User-Agent': 'python-requests/2.26.0', 'Accept-Encoding': 'gzip, deflate', 'Accept': '*/*', 'Connection': 'keep-alive', 'client_key': '61300d22874ab200165f08e3', 'Content-Length': '101', 'Content-Type': 'application/json'} 
 body=b'{"name": "Tony Stark", "aliases": "Homem de Ferro", "age": 45, "team": "Vingadores", "active": false}' 
 </msg>
<msg timestamp="20210905 20:48:42.578" level="INFO">POST Response : url=http://marvel.qaninja.academy/characters 
 status=200, reason=OK 
 headers={'Server': 'Cowboy', 'Connection': 'keep-alive', 'X-Powered-By': 'Express', 'Access-Control-Allow-Origin': '*', 'Content-Type': 'application/json; charset=utf-8', 'Content-Length': '160', 'Etag': 'W/"a0-1dYeWBtUyTjUzMK9kCGaBhgHG/M"', 'Date': 'Sun, 05 Sep 2021 23:48:39 GMT', 'Via': '1.1 vegur'} 
 body={"_id":"61355757ca5c82001601d6be","name":"Tony Stark","age":45,"aliases":"Homem de Ferro","team":"Vingadores","active":false,"owner":"61300d22874ab200165f08e3"} 
 </msg>
<msg timestamp="20210905 20:48:42.579" level="INFO">${response} = &lt;Response [200]&gt;</msg>
<status status="PASS" starttime="20210905 20:48:42.239" endtime="20210905 20:48:42.579"/>
</kw>
<msg timestamp="20210905 20:48:42.580" level="INFO">${response} = &lt;Response [200]&gt;</msg>
<status status="PASS" starttime="20210905 20:48:42.239" endtime="20210905 20:48:42.580"/>
</kw>
<kw name="Status Should Be" library="RequestsLibrary">
<arg>200</arg>
<arg>${response}</arg>
<doc>Fails if response status code is different than the expected.</doc>
<status status="PASS" starttime="20210905 20:48:42.582" endtime="20210905 20:48:42.584"/>
</kw>
<status status="PASS" starttime="20210905 20:48:42.237" endtime="20210905 20:48:42.586"/>
</test>
<test id="s1-t2" name="Nao deve cadastrar o personagem">
<kw name="Factory SpiderMan" library="avengers">
<var>${personagem}</var>
<msg timestamp="20210905 20:48:42.591" level="INFO">${personagem} = {'name': 'Peter Parker', 'aliases': 'Homem Aranha', 'age': 25, 'team': 'Vingadores', 'active': True}</msg>
<status status="PASS" starttime="20210905 20:48:42.590" endtime="20210905 20:48:42.591"/>
</kw>
<kw name="POST New Character" library="characters">
<var>${response}</var>
<arg>${personagem}</arg>
<kw name="POST" library="RequestsLibrary">
<var>${response}</var>
<arg>${API_URL}/characters</arg>
<arg>json=${payload}</arg>
<arg>headers=${headers}</arg>
<arg>expected_status=any</arg>
<doc>Sends a POST request.</doc>
<msg timestamp="20210905 20:48:42.949" level="INFO">POST Request : url=http://marvel.qaninja.academy/characters 
 path_url=/characters 
 headers={'User-Agent': 'python-requests/2.26.0', 'Accept-Encoding': 'gzip, deflate', 'Accept': '*/*', 'Connection': 'keep-alive', 'client_key': '61300d22874ab200165f08e3', 'Content-Length': '100', 'Content-Type': 'application/json'} 
 body=b'{"name": "Peter Parker", "aliases": "Homem Aranha", "age": 25, "team": "Vingadores", "active": true}' 
 </msg>
<msg timestamp="20210905 20:48:42.950" level="INFO">POST Response : url=http://marvel.qaninja.academy/characters 
 status=200, reason=OK 
 headers={'Server': 'Cowboy', 'Connection': 'keep-alive', 'X-Powered-By': 'Express', 'Access-Control-Allow-Origin': '*', 'Content-Type': 'application/json; charset=utf-8', 'Content-Length': '159', 'Etag': 'W/"9f-FEdrb9o6U2gnCYf3JK6tk4lye9k"', 'Date': 'Sun, 05 Sep 2021 23:48:39 GMT', 'Via': '1.1 vegur'} 
 body={"_id":"61355757ca5c82001601d6c2","name":"Peter Parker","age":25,"aliases":"Homem Aranha","team":"Vingadores","active":true,"owner":"61300d22874ab200165f08e3"} 
 </msg>
<msg timestamp="20210905 20:48:42.950" level="INFO">${response} = &lt;Response [200]&gt;</msg>
<status status="PASS" starttime="20210905 20:48:42.593" endtime="20210905 20:48:42.950"/>
</kw>
<msg timestamp="20210905 20:48:42.951" level="INFO">${response} = &lt;Response [200]&gt;</msg>
<status status="PASS" starttime="20210905 20:48:42.592" endtime="20210905 20:48:42.951"/>
</kw>
<kw name="POST New Character" library="characters">
<var>${response}</var>
<arg>${personagem}</arg>
<kw name="POST" library="RequestsLibrary">
<var>${response}</var>
<arg>${API_URL}/characters</arg>
<arg>json=${payload}</arg>
<arg>headers=${headers}</arg>
<arg>expected_status=any</arg>
<doc>Sends a POST request.</doc>
<msg timestamp="20210905 20:48:43.249" level="INFO">POST Request : url=http://marvel.qaninja.academy/characters 
 path_url=/characters 
 headers={'User-Agent': 'python-requests/2.26.0', 'Accept-Encoding': 'gzip, deflate', 'Accept': '*/*', 'Connection': 'keep-alive', 'client_key': '61300d22874ab200165f08e3', 'Content-Length': '100', 'Content-Type': 'application/json'} 
 body=b'{"name": "Peter Parker", "aliases": "Homem Aranha", "age": 25, "team": "Vingadores", "active": true}' 
 </msg>
<msg timestamp="20210905 20:48:43.250" level="INFO">POST Response : url=http://marvel.qaninja.academy/characters 
 status=409, reason=Conflict 
 headers={'Server': 'Cowboy', 'Connection': 'keep-alive', 'X-Powered-By': 'Express', 'Access-Control-Allow-Origin': '*', 'Content-Type': 'application/json; charset=utf-8', 'Content-Length': '39', 'Etag': 'W/"27-u8CjYCAAYHK/l+EQR0JyKi0LQGU"', 'Date': 'Sun, 05 Sep 2021 23:48:39 GMT', 'Via': '1.1 vegur'} 
 body={"error":"Character already exists :("} 
 </msg>
<msg timestamp="20210905 20:48:43.250" level="INFO">${response} = &lt;Response [409]&gt;</msg>
<status status="PASS" starttime="20210905 20:48:42.952" endtime="20210905 20:48:43.250"/>
</kw>
<msg timestamp="20210905 20:48:43.251" level="INFO">${response} = &lt;Response [409]&gt;</msg>
<status status="PASS" starttime="20210905 20:48:42.951" endtime="20210905 20:48:43.251"/>
</kw>
<kw name="Status Should Be" library="RequestsLibrary">
<arg>409</arg>
<arg>${response}</arg>
<doc>Fails if response status code is different than the expected.</doc>
<status status="PASS" starttime="20210905 20:48:43.252" endtime="20210905 20:48:43.252"/>
</kw>
<kw name="Should Be Equal" library="BuiltIn">
<arg>${response.json()}[error]</arg>
<arg>Character already exists :(</arg>
<doc>Fails if the given objects are unequal.</doc>
<status status="PASS" starttime="20210905 20:48:43.253" endtime="20210905 20:48:43.253"/>
</kw>
<status status="PASS" starttime="20210905 20:48:42.589" endtime="20210905 20:48:43.254"/>
</test>
<doc>Suite de Teste do cadastro de personagens na API da Marvel</doc>
<status status="PASS" starttime="20210905 20:48:41.115" endtime="20210905 20:48:43.256"/>
</suite>
<statistics>
<total>
<stat pass="2" fail="0" skip="0">All Tests</stat>
</total>
<tag>
</tag>
<suite>
<stat pass="2" fail="0" skip="0" id="s1" name="CreateCharacters">CreateCharacters</stat>
</suite>
</statistics>
<errors>
</errors>
</robot>
