<?xml version="1.0" encoding="UTF-8"?>
<robot generator="Robot 4.1 (Python 3.9.7 on win32)" generated="20210905 20:34:24.716" rpa="false" schemaversion="2">
<suite id="s1" name="CreateCharacters" source="C:\projects\automacao_api_marvel\specs\CreateCharacters.robot">
<kw name="Run Keywords" library="BuiltIn" type="SETUP">
<arg>Set Client Key</arg>
<arg>lucas.pdsantos11@gmail.com</arg>
<arg>AND</arg>
<arg>Back To The Past</arg>
<doc>Executes all the given keywords in a sequence.</doc>
<kw name="Set Client Key" library="base">
<arg>lucas.pdsantos11@gmail.com</arg>
<kw name="Create Dictionary" library="BuiltIn">
<var>&amp;{usuario}</var>
<arg>email=${email}</arg>
<doc>Creates and returns a dictionary based on the given ``items``.</doc>
<msg timestamp="20210905 20:34:24.888" level="INFO">&amp;{usuario} = { email=lucas.pdsantos11@gmail.com }</msg>
<status status="PASS" starttime="20210905 20:34:24.887" endtime="20210905 20:34:24.888"/>
</kw>
<kw name="POST" library="RequestsLibrary">
<var>${response}</var>
<arg>${API_URL}/accounts</arg>
<arg>json=${usuario}</arg>
<doc>Sends a POST request.</doc>
<msg timestamp="20210905 20:34:25.348" level="INFO">POST Request : url=http://marvel.qaninja.academy/accounts 
 path_url=/accounts 
 headers={'User-Agent': 'python-requests/2.26.0', 'Accept-Encoding': 'gzip, deflate', 'Accept': '*/*', 'Connection': 'keep-alive', 'Content-Length': '39', 'Content-Type': 'application/json'} 
 body=b'{"email": "lucas.pdsantos11@gmail.com"}' 
 </msg>
<msg timestamp="20210905 20:34:25.349" level="INFO">POST Response : url=http://marvel.qaninja.academy/accounts 
 status=200, reason=OK 
 headers={'Server': 'Cowboy', 'Connection': 'keep-alive', 'X-Powered-By': 'Express', 'Access-Control-Allow-Origin': '*', 'Content-Type': 'application/json; charset=utf-8', 'Content-Length': '41', 'Etag': 'W/"29-nHaR1eEq+qPILqgqvqT2UjXiuVU"', 'Date': 'Sun, 05 Sep 2021 23:34:22 GMT', 'Via': '1.1 vegur'} 
 body={"client_key":"61300d22874ab200165f08e3"} 
 </msg>
<msg timestamp="20210905 20:34:25.350" level="INFO">${response} = &lt;Response [200]&gt;</msg>
<status status="PASS" starttime="20210905 20:34:24.889" endtime="20210905 20:34:25.350"/>
</kw>
<kw name="Set Variable" library="BuiltIn">
<var>${client_key}</var>
<arg>${response.json()}[client_key]</arg>
<doc>Returns the given values which can then be assigned to a variables.</doc>
<msg timestamp="20210905 20:34:25.355" level="INFO">${client_key} = 61300d22874ab200165f08e3</msg>
<status status="PASS" starttime="20210905 20:34:25.351" endtime="20210905 20:34:25.355"/>
</kw>
<kw name="Create Dictionary" library="BuiltIn">
<var>&amp;{HEADERS}</var>
<arg>client_key=${client_key}</arg>
<doc>Creates and returns a dictionary based on the given ``items``.</doc>
<msg timestamp="20210905 20:34:25.357" level="INFO">&amp;{HEADERS} = { client_key=61300d22874ab200165f08e3 }</msg>
<status status="PASS" starttime="20210905 20:34:25.355" endtime="20210905 20:34:25.358"/>
</kw>
<kw name="Set Suite Variable" library="BuiltIn">
<arg>${HEADERS}</arg>
<doc>Makes a variable available everywhere within the scope of the current suite.</doc>
<msg timestamp="20210905 20:34:25.360" level="INFO">${HEADERS} = {'client_key': '61300d22874ab200165f08e3'}</msg>
<status status="PASS" starttime="20210905 20:34:25.358" endtime="20210905 20:34:25.360"/>
</kw>
<status status="PASS" starttime="20210905 20:34:24.887" endtime="20210905 20:34:25.361"/>
</kw>
<kw name="Back To The Past" library="base">
<kw name="DELETE" library="RequestsLibrary">
<arg>${API_URL}/delorean</arg>
<arg>headers=${HEADERS}</arg>
<doc>Sends a DELETE request.</doc>
<msg timestamp="20210905 20:34:25.723" level="INFO">DELETE Request : url=http://marvel.qaninja.academy/delorean 
 path_url=/delorean 
 headers={'User-Agent': 'python-requests/2.26.0', 'Accept-Encoding': 'gzip, deflate', 'Accept': '*/*', 'Connection': 'keep-alive', 'client_key': '61300d22874ab200165f08e3', 'Content-Length': '0'} 
 body=None 
 </msg>
<msg timestamp="20210905 20:34:25.724" level="INFO">DELETE Response : url=http://marvel.qaninja.academy/delorean 
 status=200, reason=OK 
 headers={'Server': 'Cowboy', 'Connection': 'keep-alive', 'X-Powered-By': 'Express', 'Access-Control-Allow-Origin': '*', 'Content-Type': 'application/json; charset=utf-8', 'Content-Length': '31', 'Etag': 'W/"1f-ImqlboUfbv1n1FbEV48J/4RvhGg"', 'Date': 'Sun, 05 Sep 2021 23:34:22 GMT', 'Via': '1.1 vegur'} 
 body={"message":"Avengers Assemble"} 
 </msg>
<status status="PASS" starttime="20210905 20:34:25.362" endtime="20210905 20:34:25.724"/>
</kw>
<status status="PASS" starttime="20210905 20:34:25.361" endtime="20210905 20:34:25.725"/>
</kw>
<status status="PASS" starttime="20210905 20:34:24.887" endtime="20210905 20:34:25.725"/>
</kw>
<test id="s1-t1" name="Deve cadastrar um personagem">
<kw name="Factory Thanos" library="thanos">
<var>&amp;{personagem}</var>
<msg timestamp="20210905 20:34:25.726" level="INFO">&amp;{personagem} = { name=Thanos de Titã | aliases=Thanos | age=3000 | team=Ordem Negra | active=False }</msg>
<status status="PASS" starttime="20210905 20:34:25.726" endtime="20210905 20:34:25.726"/>
</kw>
<kw name="POST New Character" library="characters">
<var>${response}</var>
<arg>${personagem}</arg>
<kw name="POST" library="RequestsLibrary">
<var>${response}</var>
<arg>${API_URL}/characters</arg>
<arg>json=${payload}</arg>
<arg>headers=${headers}</arg>
<arg>expected_status=any</arg>
<doc>Sends a POST request.</doc>
<msg timestamp="20210905 20:34:26.046" level="INFO">POST Request : url=http://marvel.qaninja.academy/characters 
 path_url=/characters 
 headers={'User-Agent': 'python-requests/2.26.0', 'Accept-Encoding': 'gzip, deflate', 'Accept': '*/*', 'Connection': 'keep-alive', 'client_key': '61300d22874ab200165f08e3', 'Content-Length': '105', 'Content-Type': 'application/json'} 
 body=b'{"name": "Thanos de Tit\\u00e3", "aliases": "Thanos", "age": 3000, "team": "Ordem Negra", "active": false}' 
 </msg>
<msg timestamp="20210905 20:34:26.046" level="INFO">POST Response : url=http://marvel.qaninja.academy/characters 
 status=200, reason=OK 
 headers={'Server': 'Cowboy', 'Connection': 'keep-alive', 'X-Powered-By': 'Express', 'Access-Control-Allow-Origin': '*', 'Content-Type': 'application/json; charset=utf-8', 'Content-Length': '160', 'Etag': 'W/"a0-KB28+PqCrW6Kyhinx54nRFpD/6g"', 'Date': 'Sun, 05 Sep 2021 23:34:22 GMT', 'Via': '1.1 vegur'} 
 body={"_id":"613553feca5c82001601d658","name":"Thanos de Titã","age":3000,"aliases":"Thanos","team":"Ordem Negra","active":false,"owner":"61300d22874ab200165f08e3"} 
 </msg>
<msg timestamp="20210905 20:34:26.047" level="INFO">${response} = &lt;Response [200]&gt;</msg>
<status status="PASS" starttime="20210905 20:34:25.727" endtime="20210905 20:34:26.047"/>
</kw>
<msg timestamp="20210905 20:34:26.048" level="INFO">${response} = &lt;Response [200]&gt;</msg>
<status status="PASS" starttime="20210905 20:34:25.727" endtime="20210905 20:34:26.048"/>
</kw>
<kw name="Status Should Be" library="RequestsLibrary">
<arg>200</arg>
<arg>${response}</arg>
<doc>Fails if response status code is different than the expected.</doc>
<status status="PASS" starttime="20210905 20:34:26.051" endtime="20210905 20:34:26.053"/>
</kw>
<status status="PASS" starttime="20210905 20:34:25.725" endtime="20210905 20:34:26.055"/>
</test>
<test id="s1-t2" name="Nao deve cadastrar o personagem">
<kw name="Factory SpiderMan" library="spiderMan">
<var>${personagem}</var>
<msg timestamp="20210905 20:34:26.062" level="INFO">${personagem} = {'name': 'Peter Parker', 'aliases': 'Homem Aranha', 'age': 25, 'team': 'Vingadores', 'active': True}</msg>
<status status="PASS" starttime="20210905 20:34:26.061" endtime="20210905 20:34:26.062"/>
</kw>
<kw name="POST New Character" library="characters">
<var>${response}</var>
<arg>${personagem}</arg>
<kw name="POST" library="RequestsLibrary">
<var>${response}</var>
<arg>${API_URL}/characters</arg>
<arg>json=${payload}</arg>
<arg>headers=${headers}</arg>
<arg>expected_status=any</arg>
<doc>Sends a POST request.</doc>
<msg timestamp="20210905 20:34:26.422" level="INFO">POST Request : url=http://marvel.qaninja.academy/characters 
 path_url=/characters 
 headers={'User-Agent': 'python-requests/2.26.0', 'Accept-Encoding': 'gzip, deflate', 'Accept': '*/*', 'Connection': 'keep-alive', 'client_key': '61300d22874ab200165f08e3', 'Content-Length': '100', 'Content-Type': 'application/json'} 
 body=b'{"name": "Peter Parker", "aliases": "Homem Aranha", "age": 25, "team": "Vingadores", "active": true}' 
 </msg>
<msg timestamp="20210905 20:34:26.422" level="INFO">POST Response : url=http://marvel.qaninja.academy/characters 
 status=200, reason=OK 
 headers={'Server': 'Cowboy', 'Connection': 'keep-alive', 'X-Powered-By': 'Express', 'Access-Control-Allow-Origin': '*', 'Content-Type': 'application/json; charset=utf-8', 'Content-Length': '159', 'Etag': 'W/"9f-feLSqJLXP2h6mAznDBrccSqAL00"', 'Date': 'Sun, 05 Sep 2021 23:34:23 GMT', 'Via': '1.1 vegur'} 
 body={"_id":"613553ffca5c82001601d65c","name":"Peter Parker","age":25,"aliases":"Homem Aranha","team":"Vingadores","active":true,"owner":"61300d22874ab200165f08e3"} 
 </msg>
<msg timestamp="20210905 20:34:26.423" level="INFO">${response} = &lt;Response [200]&gt;</msg>
<status status="PASS" starttime="20210905 20:34:26.065" endtime="20210905 20:34:26.423"/>
</kw>
<msg timestamp="20210905 20:34:26.424" level="INFO">${response} = &lt;Response [200]&gt;</msg>
<status status="PASS" starttime="20210905 20:34:26.064" endtime="20210905 20:34:26.424"/>
</kw>
<kw name="POST New Character" library="characters">
<var>${response}</var>
<arg>${personagem}</arg>
<kw name="POST" library="RequestsLibrary">
<var>${response}</var>
<arg>${API_URL}/characters</arg>
<arg>json=${payload}</arg>
<arg>headers=${headers}</arg>
<arg>expected_status=any</arg>
<doc>Sends a POST request.</doc>
<msg timestamp="20210905 20:34:27.040" level="INFO">POST Request : url=http://marvel.qaninja.academy/characters 
 path_url=/characters 
 headers={'User-Agent': 'python-requests/2.26.0', 'Accept-Encoding': 'gzip, deflate', 'Accept': '*/*', 'Connection': 'keep-alive', 'client_key': '61300d22874ab200165f08e3', 'Content-Length': '100', 'Content-Type': 'application/json'} 
 body=b'{"name": "Peter Parker", "aliases": "Homem Aranha", "age": 25, "team": "Vingadores", "active": true}' 
 </msg>
<msg timestamp="20210905 20:34:27.040" level="INFO">POST Response : url=http://marvel.qaninja.academy/characters 
 status=409, reason=Conflict 
 headers={'Server': 'Cowboy', 'Connection': 'keep-alive', 'X-Powered-By': 'Express', 'Access-Control-Allow-Origin': '*', 'Content-Type': 'application/json; charset=utf-8', 'Content-Length': '39', 'Etag': 'W/"27-u8CjYCAAYHK/l+EQR0JyKi0LQGU"', 'Date': 'Sun, 05 Sep 2021 23:34:23 GMT', 'Via': '1.1 vegur'} 
 body={"error":"Character already exists :("} 
 </msg>
<msg timestamp="20210905 20:34:27.040" level="INFO">${response} = &lt;Response [409]&gt;</msg>
<status status="PASS" starttime="20210905 20:34:26.429" endtime="20210905 20:34:27.040"/>
</kw>
<msg timestamp="20210905 20:34:27.041" level="INFO">${response} = &lt;Response [409]&gt;</msg>
<status status="PASS" starttime="20210905 20:34:26.427" endtime="20210905 20:34:27.041"/>
</kw>
<kw name="Status Should Be" library="RequestsLibrary">
<arg>409</arg>
<arg>${response}</arg>
<doc>Fails if response status code is different than the expected.</doc>
<status status="PASS" starttime="20210905 20:34:27.042" endtime="20210905 20:34:27.042"/>
</kw>
<kw name="Should Be Equal" library="BuiltIn">
<arg>${response.json()}[error]</arg>
<arg>Character already exists :(</arg>
<doc>Fails if the given objects are unequal.</doc>
<status status="PASS" starttime="20210905 20:34:27.043" endtime="20210905 20:34:27.044"/>
</kw>
<status status="PASS" starttime="20210905 20:34:26.059" endtime="20210905 20:34:27.045"/>
</test>
<doc>Suite de Teste do cadastro de personagens na API da Marvel</doc>
<status status="PASS" starttime="20210905 20:34:24.718" endtime="20210905 20:34:27.046"/>
</suite>
<statistics>
<total>
<stat pass="2" fail="0" skip="0">All Tests</stat>
</total>
<tag>
</tag>
<suite>
<stat pass="2" fail="0" skip="0" id="s1" name="CreateCharacters">CreateCharacters</stat>
</suite>
</statistics>
<errors>
</errors>
</robot>
