<?xml version="1.0" encoding="UTF-8"?>
<robot generator="Robot 4.1 (Python 3.9.7 on win32)" generated="20210907 16:52:09.867" rpa="false" schemaversion="2">
<suite id="s1" name="Specs" source="C:\projects\automacao_api_marvel\specs">
<suite id="s1-s1" name="createCharacters" source="C:\projects\automacao_api_marvel\specs\createCharacters.robot">
<kw name="Super Setup" library="base" type="SETUP">
<arg>lucas.pdsantos11@gmail.com</arg>
<kw name="Set Client Key" library="base">
<arg>${email}</arg>
<kw name="Create Dictionary" library="BuiltIn">
<var>&amp;{usuario}</var>
<arg>email=${email}</arg>
<doc>Creates and returns a dictionary based on the given ``items``.</doc>
<msg timestamp="20210907 16:52:10.043" level="INFO">&amp;{usuario} = { email=lucas.pdsantos11@gmail.com }</msg>
<status status="PASS" starttime="20210907 16:52:10.042" endtime="20210907 16:52:10.043"/>
</kw>
<kw name="POST" library="RequestsLibrary">
<var>${response}</var>
<arg>${API_URL}/accounts</arg>
<arg>json=${usuario}</arg>
<doc>Sends a POST request.</doc>
<msg timestamp="20210907 16:52:10.677" level="INFO">POST Request : url=http://marvel.qaninja.academy/accounts 
 path_url=/accounts 
 headers={'User-Agent': 'python-requests/2.26.0', 'Accept-Encoding': 'gzip, deflate', 'Accept': '*/*', 'Connection': 'keep-alive', 'Content-Length': '39', 'Content-Type': 'application/json'} 
 body=b'{"email": "lucas.pdsantos11@gmail.com"}' 
 </msg>
<msg timestamp="20210907 16:52:10.677" level="INFO">POST Response : url=http://marvel.qaninja.academy/accounts 
 status=200, reason=OK 
 headers={'Server': 'Cowboy', 'Connection': 'keep-alive', 'X-Powered-By': 'Express', 'Access-Control-Allow-Origin': '*', 'Content-Type': 'application/json; charset=utf-8', 'Content-Length': '41', 'Etag': 'W/"29-nHaR1eEq+qPILqgqvqT2UjXiuVU"', 'Date': 'Tue, 07 Sep 2021 19:52:04 GMT', 'Via': '1.1 vegur'} 
 body={"client_key":"61300d22874ab200165f08e3"} 
 </msg>
<msg timestamp="20210907 16:52:10.678" level="INFO">${response} = &lt;Response [200]&gt;</msg>
<status status="PASS" starttime="20210907 16:52:10.043" endtime="20210907 16:52:10.678"/>
</kw>
<kw name="Set Variable" library="BuiltIn">
<var>${client_key}</var>
<arg>${response.json()}[client_key]</arg>
<doc>Returns the given values which can then be assigned to a variables.</doc>
<msg timestamp="20210907 16:52:10.681" level="INFO">${client_key} = 61300d22874ab200165f08e3</msg>
<status status="PASS" starttime="20210907 16:52:10.678" endtime="20210907 16:52:10.681"/>
</kw>
<kw name="Create Dictionary" library="BuiltIn">
<var>&amp;{HEADERS}</var>
<arg>client_key=${client_key}</arg>
<doc>Creates and returns a dictionary based on the given ``items``.</doc>
<msg timestamp="20210907 16:52:10.683" level="INFO">&amp;{HEADERS} = { client_key=61300d22874ab200165f08e3 }</msg>
<status status="PASS" starttime="20210907 16:52:10.681" endtime="20210907 16:52:10.683"/>
</kw>
<kw name="Set Suite Variable" library="BuiltIn">
<arg>${HEADERS}</arg>
<doc>Makes a variable available everywhere within the scope of the current suite.</doc>
<msg timestamp="20210907 16:52:10.685" level="INFO">${HEADERS} = {'client_key': '61300d22874ab200165f08e3'}</msg>
<status status="PASS" starttime="20210907 16:52:10.683" endtime="20210907 16:52:10.685"/>
</kw>
<status status="PASS" starttime="20210907 16:52:10.042" endtime="20210907 16:52:10.685"/>
</kw>
<kw name="Back To The Past" library="base">
<kw name="DELETE" library="RequestsLibrary">
<arg>${API_URL}/delorean</arg>
<arg>headers=${HEADERS}</arg>
<doc>Sends a DELETE request.</doc>
<msg timestamp="20210907 16:52:11.046" level="INFO">DELETE Request : url=http://marvel.qaninja.academy/delorean 
 path_url=/delorean 
 headers={'User-Agent': 'python-requests/2.26.0', 'Accept-Encoding': 'gzip, deflate', 'Accept': '*/*', 'Connection': 'keep-alive', 'client_key': '61300d22874ab200165f08e3', 'Content-Length': '0'} 
 body=None 
 </msg>
<msg timestamp="20210907 16:52:11.046" level="INFO">DELETE Response : url=http://marvel.qaninja.academy/delorean 
 status=200, reason=OK 
 headers={'Server': 'Cowboy', 'Connection': 'keep-alive', 'X-Powered-By': 'Express', 'Access-Control-Allow-Origin': '*', 'Content-Type': 'application/json; charset=utf-8', 'Content-Length': '31', 'Etag': 'W/"1f-ImqlboUfbv1n1FbEV48J/4RvhGg"', 'Date': 'Tue, 07 Sep 2021 19:52:05 GMT', 'Via': '1.1 vegur'} 
 body={"message":"Avengers Assemble"} 
 </msg>
<status status="PASS" starttime="20210907 16:52:10.687" endtime="20210907 16:52:11.046"/>
</kw>
<status status="PASS" starttime="20210907 16:52:10.686" endtime="20210907 16:52:11.047"/>
</kw>
<status status="PASS" starttime="20210907 16:52:10.042" endtime="20210907 16:52:11.047"/>
</kw>
<test id="s1-s1-t1" name="Deve cadastrar um personagem">
<kw name="Factory TonyStark" library="avengers">
<var>&amp;{personagem}</var>
<msg timestamp="20210907 16:52:11.049" level="INFO">&amp;{personagem} = { name=Tony Stark | aliases=Homem de Ferro | age=45 | team=Vingadores | active=False }</msg>
<status status="PASS" starttime="20210907 16:52:11.049" endtime="20210907 16:52:11.051"/>
</kw>
<kw name="POST New Character" library="characters">
<var>${response}</var>
<arg>${personagem}</arg>
<kw name="POST" library="RequestsLibrary">
<var>${response}</var>
<arg>${API_URL}/characters</arg>
<arg>json=${payload}</arg>
<arg>headers=${HEADERS}</arg>
<arg>expected_status=any</arg>
<doc>Sends a POST request.</doc>
<msg timestamp="20210907 16:52:11.391" level="INFO">POST Request : url=http://marvel.qaninja.academy/characters 
 path_url=/characters 
 headers={'User-Agent': 'python-requests/2.26.0', 'Accept-Encoding': 'gzip, deflate', 'Accept': '*/*', 'Connection': 'keep-alive', 'client_key': '61300d22874ab200165f08e3', 'Content-Length': '101', 'Content-Type': 'application/json'} 
 body=b'{"name": "Tony Stark", "aliases": "Homem de Ferro", "age": 45, "team": "Vingadores", "active": false}' 
 </msg>
<msg timestamp="20210907 16:52:11.392" level="INFO">POST Response : url=http://marvel.qaninja.academy/characters 
 status=200, reason=OK 
 headers={'Server': 'Cowboy', 'Connection': 'keep-alive', 'X-Powered-By': 'Express', 'Access-Control-Allow-Origin': '*', 'Content-Type': 'application/json; charset=utf-8', 'Content-Length': '160', 'Etag': 'W/"a0-Kw3JUtHXyrILT20vvl70IFfgxwk"', 'Date': 'Tue, 07 Sep 2021 19:52:05 GMT', 'Via': '1.1 vegur'} 
 body={"_id":"6137c2e51088a7001610db76","name":"Tony Stark","age":45,"aliases":"Homem de Ferro","team":"Vingadores","active":false,"owner":"61300d22874ab200165f08e3"} 
 </msg>
<msg timestamp="20210907 16:52:11.393" level="INFO">${response} = &lt;Response [200]&gt;</msg>
<status status="PASS" starttime="20210907 16:52:11.052" endtime="20210907 16:52:11.393"/>
</kw>
<msg timestamp="20210907 16:52:11.394" level="INFO">${response} = &lt;Response [200]&gt;</msg>
<status status="PASS" starttime="20210907 16:52:11.051" endtime="20210907 16:52:11.394"/>
</kw>
<kw name="Status Should Be" library="RequestsLibrary">
<arg>200</arg>
<arg>${response}</arg>
<doc>Fails if response status code is different than the expected.</doc>
<status status="PASS" starttime="20210907 16:52:11.396" endtime="20210907 16:52:11.398"/>
</kw>
<status status="PASS" starttime="20210907 16:52:11.047" endtime="20210907 16:52:11.399"/>
</test>
<test id="s1-s1-t2" name="Nao deve cadastrar o personagem">
<kw name="Factory PeterParker" library="avengers">
<var>${personagem}</var>
<msg timestamp="20210907 16:52:11.406" level="INFO">${personagem} = {'name': 'Peter Parker', 'aliases': 'Homem Aranha', 'age': 25, 'team': 'Vingadores', 'active': True}</msg>
<status status="PASS" starttime="20210907 16:52:11.405" endtime="20210907 16:52:11.406"/>
</kw>
<kw name="POST New Character" library="characters">
<var>${response}</var>
<arg>${personagem}</arg>
<kw name="POST" library="RequestsLibrary">
<var>${response}</var>
<arg>${API_URL}/characters</arg>
<arg>json=${payload}</arg>
<arg>headers=${HEADERS}</arg>
<arg>expected_status=any</arg>
<doc>Sends a POST request.</doc>
<msg timestamp="20210907 16:52:11.715" level="INFO">POST Request : url=http://marvel.qaninja.academy/characters 
 path_url=/characters 
 headers={'User-Agent': 'python-requests/2.26.0', 'Accept-Encoding': 'gzip, deflate', 'Accept': '*/*', 'Connection': 'keep-alive', 'client_key': '61300d22874ab200165f08e3', 'Content-Length': '100', 'Content-Type': 'application/json'} 
 body=b'{"name": "Peter Parker", "aliases": "Homem Aranha", "age": 25, "team": "Vingadores", "active": true}' 
 </msg>
<msg timestamp="20210907 16:52:11.716" level="INFO">POST Response : url=http://marvel.qaninja.academy/characters 
 status=200, reason=OK 
 headers={'Server': 'Cowboy', 'Connection': 'keep-alive', 'X-Powered-By': 'Express', 'Access-Control-Allow-Origin': '*', 'Content-Type': 'application/json; charset=utf-8', 'Content-Length': '159', 'Etag': 'W/"9f-Hjdr4tIe/2kqU5ampTpT/a6WA7A"', 'Date': 'Tue, 07 Sep 2021 19:52:05 GMT', 'Via': '1.1 vegur'} 
 body={"_id":"6137c2e51088a7001610db7a","name":"Peter Parker","age":25,"aliases":"Homem Aranha","team":"Vingadores","active":true,"owner":"61300d22874ab200165f08e3"} 
 </msg>
<msg timestamp="20210907 16:52:11.716" level="INFO">${response} = &lt;Response [200]&gt;</msg>
<status status="PASS" starttime="20210907 16:52:11.409" endtime="20210907 16:52:11.716"/>
</kw>
<msg timestamp="20210907 16:52:11.717" level="INFO">${response} = &lt;Response [200]&gt;</msg>
<status status="PASS" starttime="20210907 16:52:11.407" endtime="20210907 16:52:11.717"/>
</kw>
<kw name="POST New Character" library="characters">
<var>${response}</var>
<arg>${personagem}</arg>
<kw name="POST" library="RequestsLibrary">
<var>${response}</var>
<arg>${API_URL}/characters</arg>
<arg>json=${payload}</arg>
<arg>headers=${HEADERS}</arg>
<arg>expected_status=any</arg>
<doc>Sends a POST request.</doc>
<msg timestamp="20210907 16:52:12.033" level="INFO">POST Request : url=http://marvel.qaninja.academy/characters 
 path_url=/characters 
 headers={'User-Agent': 'python-requests/2.26.0', 'Accept-Encoding': 'gzip, deflate', 'Accept': '*/*', 'Connection': 'keep-alive', 'client_key': '61300d22874ab200165f08e3', 'Content-Length': '100', 'Content-Type': 'application/json'} 
 body=b'{"name": "Peter Parker", "aliases": "Homem Aranha", "age": 25, "team": "Vingadores", "active": true}' 
 </msg>
<msg timestamp="20210907 16:52:12.034" level="INFO">POST Response : url=http://marvel.qaninja.academy/characters 
 status=409, reason=Conflict 
 headers={'Server': 'Cowboy', 'Connection': 'keep-alive', 'X-Powered-By': 'Express', 'Access-Control-Allow-Origin': '*', 'Content-Type': 'application/json; charset=utf-8', 'Content-Length': '39', 'Etag': 'W/"27-u8CjYCAAYHK/l+EQR0JyKi0LQGU"', 'Date': 'Tue, 07 Sep 2021 19:52:06 GMT', 'Via': '1.1 vegur'} 
 body={"error":"Character already exists :("} 
 </msg>
<msg timestamp="20210907 16:52:12.034" level="INFO">${response} = &lt;Response [409]&gt;</msg>
<status status="PASS" starttime="20210907 16:52:11.721" endtime="20210907 16:52:12.034"/>
</kw>
<msg timestamp="20210907 16:52:12.034" level="INFO">${response} = &lt;Response [409]&gt;</msg>
<status status="PASS" starttime="20210907 16:52:11.720" endtime="20210907 16:52:12.034"/>
</kw>
<kw name="Status Should Be" library="RequestsLibrary">
<arg>409</arg>
<arg>${response}</arg>
<doc>Fails if response status code is different than the expected.</doc>
<status status="PASS" starttime="20210907 16:52:12.034" endtime="20210907 16:52:12.034"/>
</kw>
<kw name="Should Be Equal" library="BuiltIn">
<arg>${response.json()}[error]</arg>
<arg>Character already exists :(</arg>
<doc>Fails if the given objects are unequal.</doc>
<status status="PASS" starttime="20210907 16:52:12.036" endtime="20210907 16:52:12.036"/>
</kw>
<status status="PASS" starttime="20210907 16:52:11.403" endtime="20210907 16:52:12.037"/>
</test>
<doc>Suite de Teste do cadastro dos personagens na API da Marvel</doc>
<status status="PASS" starttime="20210907 16:52:09.907" endtime="20210907 16:52:12.038"/>
</suite>
<suite id="s1-s2" name="removeCharacters" source="C:\projects\automacao_api_marvel\specs\removeCharacters.robot">
<kw name="Super Setup" library="base" type="SETUP">
<arg>lucas.pdsantos11@gmail.com</arg>
<kw name="Set Client Key" library="base">
<arg>${email}</arg>
<kw name="Create Dictionary" library="BuiltIn">
<var>&amp;{usuario}</var>
<arg>email=${email}</arg>
<doc>Creates and returns a dictionary based on the given ``items``.</doc>
<msg timestamp="20210907 16:52:12.047" level="INFO">&amp;{usuario} = { email=lucas.pdsantos11@gmail.com }</msg>
<status status="PASS" starttime="20210907 16:52:12.046" endtime="20210907 16:52:12.047"/>
</kw>
<kw name="POST" library="RequestsLibrary">
<var>${response}</var>
<arg>${API_URL}/accounts</arg>
<arg>json=${usuario}</arg>
<doc>Sends a POST request.</doc>
<msg timestamp="20210907 16:52:12.401" level="INFO">POST Request : url=http://marvel.qaninja.academy/accounts 
 path_url=/accounts 
 headers={'User-Agent': 'python-requests/2.26.0', 'Accept-Encoding': 'gzip, deflate', 'Accept': '*/*', 'Connection': 'keep-alive', 'Content-Length': '39', 'Content-Type': 'application/json'} 
 body=b'{"email": "lucas.pdsantos11@gmail.com"}' 
 </msg>
<msg timestamp="20210907 16:52:12.401" level="INFO">POST Response : url=http://marvel.qaninja.academy/accounts 
 status=200, reason=OK 
 headers={'Server': 'Cowboy', 'Connection': 'keep-alive', 'X-Powered-By': 'Express', 'Access-Control-Allow-Origin': '*', 'Content-Type': 'application/json; charset=utf-8', 'Content-Length': '41', 'Etag': 'W/"29-nHaR1eEq+qPILqgqvqT2UjXiuVU"', 'Date': 'Tue, 07 Sep 2021 19:52:06 GMT', 'Via': '1.1 vegur'} 
 body={"client_key":"61300d22874ab200165f08e3"} 
 </msg>
<msg timestamp="20210907 16:52:12.401" level="INFO">${response} = &lt;Response [200]&gt;</msg>
<status status="PASS" starttime="20210907 16:52:12.047" endtime="20210907 16:52:12.402"/>
</kw>
<kw name="Set Variable" library="BuiltIn">
<var>${client_key}</var>
<arg>${response.json()}[client_key]</arg>
<doc>Returns the given values which can then be assigned to a variables.</doc>
<msg timestamp="20210907 16:52:12.405" level="INFO">${client_key} = 61300d22874ab200165f08e3</msg>
<status status="PASS" starttime="20210907 16:52:12.403" endtime="20210907 16:52:12.405"/>
</kw>
<kw name="Create Dictionary" library="BuiltIn">
<var>&amp;{HEADERS}</var>
<arg>client_key=${client_key}</arg>
<doc>Creates and returns a dictionary based on the given ``items``.</doc>
<msg timestamp="20210907 16:52:12.407" level="INFO">&amp;{HEADERS} = { client_key=61300d22874ab200165f08e3 }</msg>
<status status="PASS" starttime="20210907 16:52:12.406" endtime="20210907 16:52:12.407"/>
</kw>
<kw name="Set Suite Variable" library="BuiltIn">
<arg>${HEADERS}</arg>
<doc>Makes a variable available everywhere within the scope of the current suite.</doc>
<msg timestamp="20210907 16:52:12.410" level="INFO">${HEADERS} = {'client_key': '61300d22874ab200165f08e3'}</msg>
<status status="PASS" starttime="20210907 16:52:12.408" endtime="20210907 16:52:12.410"/>
</kw>
<status status="PASS" starttime="20210907 16:52:12.046" endtime="20210907 16:52:12.411"/>
</kw>
<kw name="Back To The Past" library="base">
<kw name="DELETE" library="RequestsLibrary">
<arg>${API_URL}/delorean</arg>
<arg>headers=${HEADERS}</arg>
<doc>Sends a DELETE request.</doc>
<msg timestamp="20210907 16:52:12.764" level="INFO">DELETE Request : url=http://marvel.qaninja.academy/delorean 
 path_url=/delorean 
 headers={'User-Agent': 'python-requests/2.26.0', 'Accept-Encoding': 'gzip, deflate', 'Accept': '*/*', 'Connection': 'keep-alive', 'client_key': '61300d22874ab200165f08e3', 'Content-Length': '0'} 
 body=None 
 </msg>
<msg timestamp="20210907 16:52:12.765" level="INFO">DELETE Response : url=http://marvel.qaninja.academy/delorean 
 status=200, reason=OK 
 headers={'Server': 'Cowboy', 'Connection': 'keep-alive', 'X-Powered-By': 'Express', 'Access-Control-Allow-Origin': '*', 'Content-Type': 'application/json; charset=utf-8', 'Content-Length': '31', 'Etag': 'W/"1f-ImqlboUfbv1n1FbEV48J/4RvhGg"', 'Date': 'Tue, 07 Sep 2021 19:52:06 GMT', 'Via': '1.1 vegur'} 
 body={"message":"Avengers Assemble"} 
 </msg>
<status status="PASS" starttime="20210907 16:52:12.412" endtime="20210907 16:52:12.766"/>
</kw>
<status status="PASS" starttime="20210907 16:52:12.411" endtime="20210907 16:52:12.766"/>
</kw>
<status status="PASS" starttime="20210907 16:52:12.046" endtime="20210907 16:52:12.767"/>
</kw>
<test id="s1-s2-t1" name="Deve remover um personagem por Id">
<kw name="Factory WandaDjango" library="avengers">
<var>${personagem}</var>
<msg timestamp="20210907 16:52:12.771" level="INFO">${personagem} = {'name': 'Wanda Django', 'aliases': 'Feiticeira Escarlate', 'age': 32, 'team': 'Vingadores', 'active': True}</msg>
<status status="PASS" starttime="20210907 16:52:12.770" endtime="20210907 16:52:12.771"/>
</kw>
<kw name="POST New Character" library="characters">
<var>${wanda}</var>
<arg>${personagem}</arg>
<kw name="POST" library="RequestsLibrary">
<var>${response}</var>
<arg>${API_URL}/characters</arg>
<arg>json=${payload}</arg>
<arg>headers=${HEADERS}</arg>
<arg>expected_status=any</arg>
<doc>Sends a POST request.</doc>
<msg timestamp="20210907 16:52:13.125" level="INFO">POST Request : url=http://marvel.qaninja.academy/characters 
 path_url=/characters 
 headers={'User-Agent': 'python-requests/2.26.0', 'Accept-Encoding': 'gzip, deflate', 'Accept': '*/*', 'Connection': 'keep-alive', 'client_key': '61300d22874ab200165f08e3', 'Content-Length': '108', 'Content-Type': 'application/json'} 
 body=b'{"name": "Wanda Django", "aliases": "Feiticeira Escarlate", "age": 32, "team": "Vingadores", "active": true}' 
 </msg>
<msg timestamp="20210907 16:52:13.125" level="INFO">POST Response : url=http://marvel.qaninja.academy/characters 
 status=200, reason=OK 
 headers={'Server': 'Cowboy', 'Connection': 'keep-alive', 'X-Powered-By': 'Express', 'Access-Control-Allow-Origin': '*', 'Content-Type': 'application/json; charset=utf-8', 'Content-Length': '167', 'Etag': 'W/"a7-/FB+xojFnQxnXw3pbyw8MqARYIY"', 'Date': 'Tue, 07 Sep 2021 19:52:07 GMT', 'Via': '1.1 vegur'} 
 body={"_id":"6137c2e71088a7001610db83","name":"Wanda Django","age":32,"aliases":"Feiticeira Escarlate","team":"Vingadores","active":true,"owner":"61300d22874ab200165f08e3"} 
 </msg>
<msg timestamp="20210907 16:52:13.126" level="INFO">${response} = &lt;Response [200]&gt;</msg>
<status status="PASS" starttime="20210907 16:52:12.773" endtime="20210907 16:52:13.126"/>
</kw>
<msg timestamp="20210907 16:52:13.128" level="INFO">${wanda} = &lt;Response [200]&gt;</msg>
<status status="PASS" starttime="20210907 16:52:12.772" endtime="20210907 16:52:13.128"/>
</kw>
<kw name="Set Variable" library="BuiltIn">
<var>${wanda_id}</var>
<arg>${wanda.json()}[_id]</arg>
<doc>Returns the given values which can then be assigned to a variables.</doc>
<msg timestamp="20210907 16:52:13.134" level="INFO">${wanda_id} = 6137c2e71088a7001610db83</msg>
<status status="PASS" starttime="20210907 16:52:13.130" endtime="20210907 16:52:13.134"/>
</kw>
<kw name="DELETE Character By Id" library="characters">
<var>${response}</var>
<arg>${wanda_id}</arg>
<kw name="DELETE" library="RequestsLibrary">
<var>${response}</var>
<arg>${API_URL}/characters/${character_id}</arg>
<arg>headers=${HEADERS}</arg>
<arg>expected_status=any</arg>
<doc>Sends a DELETE request.</doc>
<msg timestamp="20210907 16:52:13.490" level="INFO">DELETE Request : url=http://marvel.qaninja.academy/characters/6137c2e71088a7001610db83 
 path_url=/characters/6137c2e71088a7001610db83 
 headers={'User-Agent': 'python-requests/2.26.0', 'Accept-Encoding': 'gzip, deflate', 'Accept': '*/*', 'Connection': 'keep-alive', 'client_key': '61300d22874ab200165f08e3', 'Content-Length': '0'} 
 body=None 
 </msg>
<msg timestamp="20210907 16:52:13.490" level="INFO">DELETE Response : url=http://marvel.qaninja.academy/characters/6137c2e71088a7001610db83 
 status=204, reason=No Content 
 headers={'Server': 'Cowboy', 'Content-Length': '0', 'Connection': 'keep-alive', 'X-Powered-By': 'Express', 'Access-Control-Allow-Origin': '*', 'Date': 'Tue, 07 Sep 2021 19:52:07 GMT', 'Via': '1.1 vegur'} 
 body=None 
 </msg>
<msg timestamp="20210907 16:52:13.491" level="INFO">${response} = &lt;Response [204]&gt;</msg>
<status status="PASS" starttime="20210907 16:52:13.138" endtime="20210907 16:52:13.491"/>
</kw>
<msg timestamp="20210907 16:52:13.492" level="INFO">${response} = &lt;Response [204]&gt;</msg>
<status status="PASS" starttime="20210907 16:52:13.136" endtime="20210907 16:52:13.492"/>
</kw>
<kw name="Status Should Be" library="RequestsLibrary">
<arg>204</arg>
<arg>${response}</arg>
<doc>Fails if response status code is different than the expected.</doc>
<status status="PASS" starttime="20210907 16:52:13.495" endtime="20210907 16:52:13.497"/>
</kw>
<kw name="GET Character By Id" library="characters">
<var>${response}</var>
<arg>${wanda_id}</arg>
<kw name="GET" library="RequestsLibrary">
<var>${response}</var>
<arg>${API_URL}/characters/${character_id}</arg>
<arg>headers=${HEADERS}</arg>
<arg>expected_status=any</arg>
<doc>Sends a GET request.</doc>
<msg timestamp="20210907 16:52:13.841" level="INFO">GET Request : url=http://marvel.qaninja.academy/characters/6137c2e71088a7001610db83 
 path_url=/characters/6137c2e71088a7001610db83 
 headers={'User-Agent': 'python-requests/2.26.0', 'Accept-Encoding': 'gzip, deflate', 'Accept': '*/*', 'Connection': 'keep-alive', 'client_key': '61300d22874ab200165f08e3'} 
 body=None 
 </msg>
<msg timestamp="20210907 16:52:13.841" level="INFO">GET Response : url=http://marvel.qaninja.academy/characters/6137c2e71088a7001610db83 
 status=404, reason=Not Found 
 headers={'Server': 'Cowboy', 'Connection': 'keep-alive', 'X-Powered-By': 'Express', 'Access-Control-Allow-Origin': '*', 'Date': 'Tue, 07 Sep 2021 19:52:08 GMT', 'Content-Length': '0', 'Via': '1.1 vegur'} 
 body=None 
 </msg>
<msg timestamp="20210907 16:52:13.842" level="INFO">${response} = &lt;Response [404]&gt;</msg>
<status status="PASS" starttime="20210907 16:52:13.502" endtime="20210907 16:52:13.842"/>
</kw>
<msg timestamp="20210907 16:52:13.843" level="INFO">${response} = &lt;Response [404]&gt;</msg>
<status status="PASS" starttime="20210907 16:52:13.499" endtime="20210907 16:52:13.843"/>
</kw>
<kw name="Status Should Be" library="RequestsLibrary">
<arg>404</arg>
<arg>${response}</arg>
<doc>Fails if response status code is different than the expected.</doc>
<status status="PASS" starttime="20210907 16:52:13.845" endtime="20210907 16:52:13.847"/>
</kw>
<status status="PASS" starttime="20210907 16:52:12.767" endtime="20210907 16:52:13.848"/>
</test>
<doc>Suite de Teste de exclusão dos personagens na API da Marvel</doc>
<status status="PASS" starttime="20210907 16:52:12.040" endtime="20210907 16:52:13.853"/>
</suite>
<suite id="s1-s3" name="searchCharacters" source="C:\projects\automacao_api_marvel\specs\searchCharacters.robot">
<kw name="Super Setup" library="base" type="SETUP">
<arg>lucas.pdsantos11@gmail.com</arg>
<kw name="Set Client Key" library="base">
<arg>${email}</arg>
<kw name="Create Dictionary" library="BuiltIn">
<var>&amp;{usuario}</var>
<arg>email=${email}</arg>
<doc>Creates and returns a dictionary based on the given ``items``.</doc>
<msg timestamp="20210907 16:52:13.875" level="INFO">&amp;{usuario} = { email=lucas.pdsantos11@gmail.com }</msg>
<status status="PASS" starttime="20210907 16:52:13.874" endtime="20210907 16:52:13.875"/>
</kw>
<kw name="POST" library="RequestsLibrary">
<var>${response}</var>
<arg>${API_URL}/accounts</arg>
<arg>json=${usuario}</arg>
<doc>Sends a POST request.</doc>
<msg timestamp="20210907 16:52:14.228" level="INFO">POST Request : url=http://marvel.qaninja.academy/accounts 
 path_url=/accounts 
 headers={'User-Agent': 'python-requests/2.26.0', 'Accept-Encoding': 'gzip, deflate', 'Accept': '*/*', 'Connection': 'keep-alive', 'Content-Length': '39', 'Content-Type': 'application/json'} 
 body=b'{"email": "lucas.pdsantos11@gmail.com"}' 
 </msg>
<msg timestamp="20210907 16:52:14.229" level="INFO">POST Response : url=http://marvel.qaninja.academy/accounts 
 status=200, reason=OK 
 headers={'Server': 'Cowboy', 'Connection': 'keep-alive', 'X-Powered-By': 'Express', 'Access-Control-Allow-Origin': '*', 'Content-Type': 'application/json; charset=utf-8', 'Content-Length': '41', 'Etag': 'W/"29-nHaR1eEq+qPILqgqvqT2UjXiuVU"', 'Date': 'Tue, 07 Sep 2021 19:52:08 GMT', 'Via': '1.1 vegur'} 
 body={"client_key":"61300d22874ab200165f08e3"} 
 </msg>
<msg timestamp="20210907 16:52:14.230" level="INFO">${response} = &lt;Response [200]&gt;</msg>
<status status="PASS" starttime="20210907 16:52:13.875" endtime="20210907 16:52:14.230"/>
</kw>
<kw name="Set Variable" library="BuiltIn">
<var>${client_key}</var>
<arg>${response.json()}[client_key]</arg>
<doc>Returns the given values which can then be assigned to a variables.</doc>
<msg timestamp="20210907 16:52:14.235" level="INFO">${client_key} = 61300d22874ab200165f08e3</msg>
<status status="PASS" starttime="20210907 16:52:14.231" endtime="20210907 16:52:14.236"/>
</kw>
<kw name="Create Dictionary" library="BuiltIn">
<var>&amp;{HEADERS}</var>
<arg>client_key=${client_key}</arg>
<doc>Creates and returns a dictionary based on the given ``items``.</doc>
<msg timestamp="20210907 16:52:14.238" level="INFO">&amp;{HEADERS} = { client_key=61300d22874ab200165f08e3 }</msg>
<status status="PASS" starttime="20210907 16:52:14.236" endtime="20210907 16:52:14.238"/>
</kw>
<kw name="Set Suite Variable" library="BuiltIn">
<arg>${HEADERS}</arg>
<doc>Makes a variable available everywhere within the scope of the current suite.</doc>
<msg timestamp="20210907 16:52:14.240" level="INFO">${HEADERS} = {'client_key': '61300d22874ab200165f08e3'}</msg>
<status status="PASS" starttime="20210907 16:52:14.239" endtime="20210907 16:52:14.240"/>
</kw>
<status status="PASS" starttime="20210907 16:52:13.874" endtime="20210907 16:52:14.241"/>
</kw>
<kw name="Back To The Past" library="base">
<kw name="DELETE" library="RequestsLibrary">
<arg>${API_URL}/delorean</arg>
<arg>headers=${HEADERS}</arg>
<doc>Sends a DELETE request.</doc>
<msg timestamp="20210907 16:52:14.555" level="INFO">DELETE Request : url=http://marvel.qaninja.academy/delorean 
 path_url=/delorean 
 headers={'User-Agent': 'python-requests/2.26.0', 'Accept-Encoding': 'gzip, deflate', 'Accept': '*/*', 'Connection': 'keep-alive', 'client_key': '61300d22874ab200165f08e3', 'Content-Length': '0'} 
 body=None 
 </msg>
<msg timestamp="20210907 16:52:14.555" level="INFO">DELETE Response : url=http://marvel.qaninja.academy/delorean 
 status=200, reason=OK 
 headers={'Server': 'Cowboy', 'Connection': 'keep-alive', 'X-Powered-By': 'Express', 'Access-Control-Allow-Origin': '*', 'Content-Type': 'application/json; charset=utf-8', 'Content-Length': '31', 'Etag': 'W/"1f-ImqlboUfbv1n1FbEV48J/4RvhGg"', 'Date': 'Tue, 07 Sep 2021 19:52:08 GMT', 'Via': '1.1 vegur'} 
 body={"message":"Avengers Assemble"} 
 </msg>
<status status="PASS" starttime="20210907 16:52:14.242" endtime="20210907 16:52:14.555"/>
</kw>
<status status="PASS" starttime="20210907 16:52:14.241" endtime="20210907 16:52:14.555"/>
</kw>
<status status="PASS" starttime="20210907 16:52:13.873" endtime="20210907 16:52:14.556"/>
</kw>
<test id="s1-s3-t1" name="Deve buscar um personagem por Id">
<kw name="Factory SteveRogers" library="avengers">
<var>${personagem}</var>
<msg timestamp="20210907 16:52:14.557" level="INFO">${personagem} = {'name': 'Steve Rogers', 'aliases': 'Capitão América', 'age': 40, 'team': 'Vingadores', 'active': True}</msg>
<status status="PASS" starttime="20210907 16:52:14.557" endtime="20210907 16:52:14.557"/>
</kw>
<kw name="POST New Character" library="characters">
<var>${steve}</var>
<arg>${personagem}</arg>
<kw name="POST" library="RequestsLibrary">
<var>${response}</var>
<arg>${API_URL}/characters</arg>
<arg>json=${payload}</arg>
<arg>headers=${HEADERS}</arg>
<arg>expected_status=any</arg>
<doc>Sends a POST request.</doc>
<msg timestamp="20210907 16:52:15.184" level="INFO">POST Request : url=http://marvel.qaninja.academy/characters 
 path_url=/characters 
 headers={'User-Agent': 'python-requests/2.26.0', 'Accept-Encoding': 'gzip, deflate', 'Accept': '*/*', 'Connection': 'keep-alive', 'client_key': '61300d22874ab200165f08e3', 'Content-Length': '113', 'Content-Type': 'application/json'} 
 body=b'{"name": "Steve Rogers", "aliases": "Capit\\u00e3o Am\\u00e9rica", "age": 40, "team": "Vingadores", "active": true}' 
 </msg>
<msg timestamp="20210907 16:52:15.184" level="INFO">POST Response : url=http://marvel.qaninja.academy/characters 
 status=200, reason=OK 
 headers={'Server': 'Cowboy', 'Connection': 'keep-alive', 'X-Powered-By': 'Express', 'Access-Control-Allow-Origin': '*', 'Content-Type': 'application/json; charset=utf-8', 'Content-Length': '164', 'Etag': 'W/"a4-uyQ63/XiJPdtxbc11s1RsvNHJoA"', 'Date': 'Tue, 07 Sep 2021 19:52:09 GMT', 'Via': '1.1 vegur'} 
 body={"_id":"6137c2e91088a7001610db8f","name":"Steve Rogers","age":40,"aliases":"Capitão América","team":"Vingadores","active":true,"owner":"61300d22874ab200165f08e3"} 
 </msg>
<msg timestamp="20210907 16:52:15.184" level="INFO">${response} = &lt;Response [200]&gt;</msg>
<status status="PASS" starttime="20210907 16:52:14.560" endtime="20210907 16:52:15.184"/>
</kw>
<msg timestamp="20210907 16:52:15.184" level="INFO">${steve} = &lt;Response [200]&gt;</msg>
<status status="PASS" starttime="20210907 16:52:14.559" endtime="20210907 16:52:15.184"/>
</kw>
<kw name="Set Variable" library="BuiltIn">
<var>${steve_id}</var>
<arg>${steve.json()}[_id]</arg>
<doc>Returns the given values which can then be assigned to a variables.</doc>
<msg timestamp="20210907 16:52:15.187" level="INFO">${steve_id} = 6137c2e91088a7001610db8f</msg>
<status status="PASS" starttime="20210907 16:52:15.186" endtime="20210907 16:52:15.187"/>
</kw>
<kw name="GET Character By Id" library="characters">
<var>${response}</var>
<arg>${steve_id}</arg>
<kw name="GET" library="RequestsLibrary">
<var>${response}</var>
<arg>${API_URL}/characters/${character_id}</arg>
<arg>headers=${HEADERS}</arg>
<arg>expected_status=any</arg>
<doc>Sends a GET request.</doc>
<msg timestamp="20210907 16:52:15.521" level="INFO">GET Request : url=http://marvel.qaninja.academy/characters/6137c2e91088a7001610db8f 
 path_url=/characters/6137c2e91088a7001610db8f 
 headers={'User-Agent': 'python-requests/2.26.0', 'Accept-Encoding': 'gzip, deflate', 'Accept': '*/*', 'Connection': 'keep-alive', 'client_key': '61300d22874ab200165f08e3'} 
 body=None 
 </msg>
<msg timestamp="20210907 16:52:15.521" level="INFO">GET Response : url=http://marvel.qaninja.academy/characters/6137c2e91088a7001610db8f 
 status=200, reason=OK 
 headers={'Server': 'Cowboy', 'Connection': 'keep-alive', 'X-Powered-By': 'Express', 'Access-Control-Allow-Origin': '*', 'Content-Type': 'application/json; charset=utf-8', 'Content-Length': '164', 'Etag': 'W/"a4-uyQ63/XiJPdtxbc11s1RsvNHJoA"', 'Date': 'Tue, 07 Sep 2021 19:52:09 GMT', 'Via': '1.1 vegur'} 
 body={"_id":"6137c2e91088a7001610db8f","name":"Steve Rogers","age":40,"aliases":"Capitão América","team":"Vingadores","active":true,"owner":"61300d22874ab200165f08e3"} 
 </msg>
<msg timestamp="20210907 16:52:15.522" level="INFO">${response} = &lt;Response [200]&gt;</msg>
<status status="PASS" starttime="20210907 16:52:15.188" endtime="20210907 16:52:15.522"/>
</kw>
<msg timestamp="20210907 16:52:15.523" level="INFO">${response} = &lt;Response [200]&gt;</msg>
<status status="PASS" starttime="20210907 16:52:15.187" endtime="20210907 16:52:15.524"/>
</kw>
<kw name="Status Should Be" library="RequestsLibrary">
<arg>200</arg>
<arg>${response}</arg>
<doc>Fails if response status code is different than the expected.</doc>
<status status="PASS" starttime="20210907 16:52:15.525" endtime="20210907 16:52:15.527"/>
</kw>
<status status="PASS" starttime="20210907 16:52:14.556" endtime="20210907 16:52:15.528"/>
</test>
<test id="s1-s3-t2" name="Nao deve encontrar o personagem com o Id">
<kw name="GET Character By Id" library="characters">
<var>${personagem_id}</var>
<arg>6137b4081088a7001610d967</arg>
<kw name="GET" library="RequestsLibrary">
<var>${response}</var>
<arg>${API_URL}/characters/${character_id}</arg>
<arg>headers=${HEADERS}</arg>
<arg>expected_status=any</arg>
<doc>Sends a GET request.</doc>
<msg timestamp="20210907 16:52:15.890" level="INFO">GET Request : url=http://marvel.qaninja.academy/characters/6137b4081088a7001610d967 
 path_url=/characters/6137b4081088a7001610d967 
 headers={'User-Agent': 'python-requests/2.26.0', 'Accept-Encoding': 'gzip, deflate', 'Accept': '*/*', 'Connection': 'keep-alive', 'client_key': '61300d22874ab200165f08e3'} 
 body=None 
 </msg>
<msg timestamp="20210907 16:52:15.890" level="INFO">GET Response : url=http://marvel.qaninja.academy/characters/6137b4081088a7001610d967 
 status=404, reason=Not Found 
 headers={'Server': 'Cowboy', 'Connection': 'keep-alive', 'X-Powered-By': 'Express', 'Access-Control-Allow-Origin': '*', 'Date': 'Tue, 07 Sep 2021 19:52:10 GMT', 'Content-Length': '0', 'Via': '1.1 vegur'} 
 body=None 
 </msg>
<msg timestamp="20210907 16:52:15.892" level="INFO">${response} = &lt;Response [404]&gt;</msg>
<status status="PASS" starttime="20210907 16:52:15.535" endtime="20210907 16:52:15.892"/>
</kw>
<msg timestamp="20210907 16:52:15.893" level="INFO">${personagem_id} = &lt;Response [404]&gt;</msg>
<status status="PASS" starttime="20210907 16:52:15.534" endtime="20210907 16:52:15.893"/>
</kw>
<kw name="Status Should Be" library="RequestsLibrary">
<arg>404</arg>
<arg>${personagem_id}</arg>
<doc>Fails if response status code is different than the expected.</doc>
<status status="PASS" starttime="20210907 16:52:15.895" endtime="20210907 16:52:15.896"/>
</kw>
<status status="PASS" starttime="20210907 16:52:15.532" endtime="20210907 16:52:15.898"/>
</test>
<doc>Suite de Teste de busca dos personagens na API da Marvel</doc>
<status status="PASS" starttime="20210907 16:52:13.859" endtime="20210907 16:52:15.903"/>
</suite>
<status status="PASS" starttime="20210907 16:52:09.870" endtime="20210907 16:52:15.909"/>
</suite>
<statistics>
<total>
<stat pass="5" fail="0" skip="0">All Tests</stat>
</total>
<tag>
</tag>
<suite>
<stat pass="5" fail="0" skip="0" id="s1" name="Specs">Specs</stat>
<stat pass="2" fail="0" skip="0" id="s1-s1" name="createCharacters">Specs.createCharacters</stat>
<stat pass="1" fail="0" skip="0" id="s1-s2" name="removeCharacters">Specs.removeCharacters</stat>
<stat pass="2" fail="0" skip="0" id="s1-s3" name="searchCharacters">Specs.searchCharacters</stat>
</suite>
</statistics>
<errors>
</errors>
</robot>
